Removed Pin From Net: NetName=30 Pin=ENCODER 2-2
Removed Pin From Net: NetName=31 Pin=ENCODER 2-3
Added Component: Designator=5V(HDR1X2H)
Add component (AddParameter): Name = "LatestRevisionDate"; Value = "17-Jul-2002"; VariantName = "[No Variations]"
Add component (AddParameter): Name = "LatestRevisionNote"; Value = "Re-released for DXP Platform."; VariantName = "[No Variations]"
Add component (AddParameter): Name = "Publisher"; Value = "Altium Limited"; VariantName = "[No Variations]"
Added Component: Designator=I2C(HDR1X4)
Add component (AddParameter): Name = "LatestRevisionDate"; Value = "17-Jul-2002"; VariantName = "[No Variations]"
Add component (AddParameter): Name = "LatestRevisionNote"; Value = "Re-released for DXP Platform."; VariantName = "[No Variations]"
Add component (AddParameter): Name = "Publisher"; Value = "Altium Limited"; VariantName = "[No Variations]"
Added Component: Designator=UART 1(HDR1X4)
Add component (AddParameter): Name = "LatestRevisionDate"; Value = "17-Jul-2002"; VariantName = "[No Variations]"
Add component (AddParameter): Name = "LatestRevisionNote"; Value = "Re-released for DXP Platform."; VariantName = "[No Variations]"
Add component (AddParameter): Name = "Publisher"; Value = "Altium Limited"; VariantName = "[No Variations]"
Added Component: Designator=UART 2(HDR1X4)
Add component (AddParameter): Name = "LatestRevisionDate"; Value = "17-Jul-2002"; VariantName = "[No Variations]"
Add component (AddParameter): Name = "LatestRevisionNote"; Value = "Re-released for DXP Platform."; VariantName = "[No Variations]"
Add component (AddParameter): Name = "Publisher"; Value = "Altium Limited"; VariantName = "[No Variations]"
Added Component: Designator=UART 3(HDR1X4)
Add component (AddParameter): Name = "LatestRevisionDate"; Value = "17-Jul-2002"; VariantName = "[No Variations]"
Add component (AddParameter): Name = "LatestRevisionNote"; Value = "Re-released for DXP Platform."; VariantName = "[No Variations]"
Add component (AddParameter): Name = "Publisher"; Value = "Altium Limited"; VariantName = "[No Variations]"
Added Pin To Net: NetName=GND Pin=5V-1
Added Pin To Net: NetName=+5 Pin=5V-2
Added Pin To Net: NetName=31 Pin=ENCODER 2-2
Added Pin To Net: NetName=30 Pin=ENCODER 2-3
Added Pin To Net: NetName=24 SCL Pin=I2C-1
Added Pin To Net: NetName=25 SDA Pin=I2C-2
Added Pin To Net: NetName=+5 Pin=I2C-3
Added Pin To Net: NetName=GND Pin=I2C-4
Added Pin To Net: NetName=RX34 Pin=UART 1-1
Added Pin To Net: NetName=TX35 Pin=UART 1-2
Added Pin To Net: NetName=+5 Pin=UART 1-3
Added Pin To Net: NetName=GND Pin=UART 1-4
Added Pin To Net: NetName=RX15 Pin=UART 2-1
Added Pin To Net: NetName=TX14 Pin=UART 2-2
Added Pin To Net: NetName=+5 Pin=UART 2-3
Added Pin To Net: NetName=GND Pin=UART 2-4
Added Pin To Net: NetName=RX28 Pin=UART 3-1
Added Pin To Net: NetName=TX29 Pin=UART 3-2
Added Pin To Net: NetName=+5 Pin=UART 3-3
Added Pin To Net: NetName=GND Pin=UART 3-4
Added Member To Class: ClassName=nav teensy Member=Component 5V Header 2H
Added Member To Class: ClassName=nav teensy Member=Component 5V Header 2H
Added Member To Class: ClassName=nav teensy Member=Component 5V Header 2H
Added Member To Class: ClassName=nav teensy Member=Component I2C Header 4
Added Member To Class: ClassName=nav teensy Member=Component I2C Header 4
Added Member To Class: ClassName=nav teensy Member=Component UART 1 Header 4
Added Member To Class: ClassName=nav teensy Member=Component UART 2 Header 4
Added Member To Class: ClassName=nav teensy Member=Component UART 3 Header 4
