Removed Pin From Net: NetName=3.3V Pin=LC-MEGA1-1
Removed Pin From Net: NetName=TX20 Pin=LC-MEGA1-2
Removed Pin From Net: NetName=RX21 Pin=LC-MEGA1-3
Removed Pin From Net: NetName=GND Pin=LC-MEGA1-6
Removed Pin From Net: NetName=GND Pin=LC-MEGA1-7
Removed Pin From Net: NetName=tx Pin=LC-MEGA1-10
Removed Pin From Net: NetName=rx Pin=LC-MEGA1-11
Removed Pin From Net: NetName=5V_MEGA Pin=LC-MEGA1-12
Removed Member From Class: ClassName=nav teensy Member=LC-MEGA1
Added Component: Designator=I2C(HDR1X4)
Add component (AddParameter): Name = "LatestRevisionDate"; Value = "17-Jul-2002"; VariantName = "[No Variations]"
Add component (AddParameter): Name = "LatestRevisionNote"; Value = "Re-released for DXP Platform."; VariantName = "[No Variations]"
Add component (AddParameter): Name = "Publisher"; Value = "Altium Limited"; VariantName = "[No Variations]"
Add Component: Footprint Not Found FP-BOB-12009-MFG
Added Component: Designator=P1(HDR1X5)
Add component (AddParameter): Name = "LatestRevisionDate"; Value = "17-Jul-2002"; VariantName = "[No Variations]"
Add component (AddParameter): Name = "LatestRevisionNote"; Value = "Re-released for DXP Platform."; VariantName = "[No Variations]"
Add component (AddParameter): Name = "Publisher"; Value = "Altium Limited"; VariantName = "[No Variations]"
Added Component: Designator=P2(HDR1X5)
Add component (AddParameter): Name = "LatestRevisionDate"; Value = "17-Jul-2002"; VariantName = "[No Variations]"
Add component (AddParameter): Name = "LatestRevisionNote"; Value = "Re-released for DXP Platform."; VariantName = "[No Variations]"
Add component (AddParameter): Name = "Publisher"; Value = "Altium Limited"; VariantName = "[No Variations]"
Added Component: Designator=P3(HDR1X5)
Add component (AddParameter): Name = "LatestRevisionDate"; Value = "17-Jul-2002"; VariantName = "[No Variations]"
Add component (AddParameter): Name = "LatestRevisionNote"; Value = "Re-released for DXP Platform."; VariantName = "[No Variations]"
Add component (AddParameter): Name = "Publisher"; Value = "Altium Limited"; VariantName = "[No Variations]"
Added Component: Designator=P4(HDR1X4)
Add component (AddParameter): Name = "LatestRevisionDate"; Value = "17-Jul-2002"; VariantName = "[No Variations]"
Add component (AddParameter): Name = "LatestRevisionNote"; Value = "Re-released for DXP Platform."; VariantName = "[No Variations]"
Add component (AddParameter): Name = "Publisher"; Value = "Altium Limited"; VariantName = "[No Variations]"
Added Component: Designator=P5(HDR1X4)
Add component (AddParameter): Name = "LatestRevisionDate"; Value = "17-Jul-2002"; VariantName = "[No Variations]"
Add component (AddParameter): Name = "LatestRevisionNote"; Value = "Re-released for DXP Platform."; VariantName = "[No Variations]"
Add component (AddParameter): Name = "Publisher"; Value = "Altium Limited"; VariantName = "[No Variations]"
Added Component: Designator=P6(HDR1X4)
Add component (AddParameter): Name = "LatestRevisionDate"; Value = "17-Jul-2002"; VariantName = "[No Variations]"
Add component (AddParameter): Name = "LatestRevisionNote"; Value = "Re-released for DXP Platform."; VariantName = "[No Variations]"
Add component (AddParameter): Name = "Publisher"; Value = "Altium Limited"; VariantName = "[No Variations]"
Added Component: Designator=P7(HDR1X4)
Add component (AddParameter): Name = "LatestRevisionDate"; Value = "17-Jul-2002"; VariantName = "[No Variations]"
Add component (AddParameter): Name = "LatestRevisionNote"; Value = "Re-released for DXP Platform."; VariantName = "[No Variations]"
Add component (AddParameter): Name = "Publisher"; Value = "Altium Limited"; VariantName = "[No Variations]"
Added Component: Designator=P8(My_1X03)
Add component (AddParameter): Name = "ASiD Part Number"; Value = "Header 3-AS"; VariantName = "[No Variations]"
Added Component: Designator=P9(My_1X03)
Add component (AddParameter): Name = "ASiD Part Number"; Value = "Header 3-AS"; VariantName = "[No Variations]"
Added Component: Designator=P10(HDR1X4)
Add component (AddParameter): Name = "LatestRevisionDate"; Value = "17-Jul-2002"; VariantName = "[No Variations]"
Add component (AddParameter): Name = "LatestRevisionNote"; Value = "Re-released for DXP Platform."; VariantName = "[No Variations]"
Add component (AddParameter): Name = "Publisher"; Value = "Altium Limited"; VariantName = "[No Variations]"
Added Component: Designator=P11(HDR1X2)
Add component (AddParameter): Name = "LatestRevisionDate"; Value = "17-Jul-2002"; VariantName = "[No Variations]"
Add component (AddParameter): Name = "LatestRevisionNote"; Value = "Re-released for DXP Platform."; VariantName = "[No Variations]"
Add component (AddParameter): Name = "Publisher"; Value = "Altium Limited"; VariantName = "[No Variations]"
Added Component: Designator=P12(HDR1X2)
Add component (AddParameter): Name = "LatestRevisionDate"; Value = "17-Jul-2002"; VariantName = "[No Variations]"
Add component (AddParameter): Name = "LatestRevisionNote"; Value = "Re-released for DXP Platform."; VariantName = "[No Variations]"
Add component (AddParameter): Name = "Publisher"; Value = "Altium Limited"; VariantName = "[No Variations]"
Added Component: Designator=P13(HDR1X4)
Add component (AddParameter): Name = "LatestRevisionDate"; Value = "17-Jul-2002"; VariantName = "[No Variations]"
Add component (AddParameter): Name = "LatestRevisionNote"; Value = "Re-released for DXP Platform."; VariantName = "[No Variations]"
Add component (AddParameter): Name = "Publisher"; Value = "Altium Limited"; VariantName = "[No Variations]"
Added Component: Designator=P14(HDR1X4)
Add component (AddParameter): Name = "LatestRevisionDate"; Value = "17-Jul-2002"; VariantName = "[No Variations]"
Add component (AddParameter): Name = "LatestRevisionNote"; Value = "Re-released for DXP Platform."; VariantName = "[No Variations]"
Add component (AddParameter): Name = "Publisher"; Value = "Altium Limited"; VariantName = "[No Variations]"
Added Component: Designator=P15(HDR1X4)
Add component (AddParameter): Name = "LatestRevisionDate"; Value = "17-Jul-2002"; VariantName = "[No Variations]"
Add component (AddParameter): Name = "LatestRevisionNote"; Value = "Re-released for DXP Platform."; VariantName = "[No Variations]"
Add component (AddParameter): Name = "Publisher"; Value = "Altium Limited"; VariantName = "[No Variations]"
Added Component: Designator=P16(HDR1X2)
Add component (AddParameter): Name = "LatestRevisionDate"; Value = "17-Jul-2002"; VariantName = "[No Variations]"
Add component (AddParameter): Name = "LatestRevisionNote"; Value = "Re-released for DXP Platform."; VariantName = "[No Variations]"
Add component (AddParameter): Name = "Publisher"; Value = "Altium Limited"; VariantName = "[No Variations]"
Added Component: Designator=P17(HDR1X2)
Add component (AddParameter): Name = "LatestRevisionDate"; Value = "17-Jul-2002"; VariantName = "[No Variations]"
Add component (AddParameter): Name = "LatestRevisionNote"; Value = "Re-released for DXP Platform."; VariantName = "[No Variations]"
Add component (AddParameter): Name = "Publisher"; Value = "Altium Limited"; VariantName = "[No Variations]"
Added Component: Designator=P18(HDR1X10)
Add component (AddParameter): Name = "LatestRevisionDate"; Value = "17-Jul-2002"; VariantName = "[No Variations]"
Add component (AddParameter): Name = "LatestRevisionNote"; Value = "Re-released for DXP Platform."; VariantName = "[No Variations]"
Add component (AddParameter): Name = "Publisher"; Value = "Altium Limited"; VariantName = "[No Variations]"
Added Component: Designator=P19(HDR1X2)
Add component (AddParameter): Name = "LatestRevisionDate"; Value = "17-Jul-2002"; VariantName = "[No Variations]"
Add component (AddParameter): Name = "LatestRevisionNote"; Value = "Re-released for DXP Platform."; VariantName = "[No Variations]"
Add component (AddParameter): Name = "Publisher"; Value = "Altium Limited"; VariantName = "[No Variations]"
Added Component: Designator=P20(My_1X03)
Add component (AddParameter): Name = "ASiD Part Number"; Value = "Header 3-AS"; VariantName = "[No Variations]"
Added Component: Designator=P21(My_1X03)
Add component (AddParameter): Name = "ASiD Part Number"; Value = "Header 3-AS"; VariantName = "[No Variations]"
Added Component: Designator=P22(My_1X03)
Add component (AddParameter): Name = "ASiD Part Number"; Value = "Header 3-AS"; VariantName = "[No Variations]"
Added Component: Designator=P23(HDR1X2)
Add component (AddParameter): Name = "LatestRevisionDate"; Value = "17-Jul-2002"; VariantName = "[No Variations]"
Add component (AddParameter): Name = "LatestRevisionNote"; Value = "Re-released for DXP Platform."; VariantName = "[No Variations]"
Add component (AddParameter): Name = "Publisher"; Value = "Altium Limited"; VariantName = "[No Variations]"
Added Component: Designator=P24(HDR1X4)
Add component (AddParameter): Name = "LatestRevisionDate"; Value = "17-Jul-2002"; VariantName = "[No Variations]"
Add component (AddParameter): Name = "LatestRevisionNote"; Value = "Re-released for DXP Platform."; VariantName = "[No Variations]"
Add component (AddParameter): Name = "Publisher"; Value = "Altium Limited"; VariantName = "[No Variations]"
Added Component: Designator=P25(HDR1X4)
Add component (AddParameter): Name = "LatestRevisionDate"; Value = "17-Jul-2002"; VariantName = "[No Variations]"
Add component (AddParameter): Name = "LatestRevisionNote"; Value = "Re-released for DXP Platform."; VariantName = "[No Variations]"
Add component (AddParameter): Name = "Publisher"; Value = "Altium Limited"; VariantName = "[No Variations]"
Added Component: Designator=P45(HDR1X4)
Add component (AddParameter): Name = "LatestRevisionDate"; Value = "17-Jul-2002"; VariantName = "[No Variations]"
Add component (AddParameter): Name = "LatestRevisionNote"; Value = "Re-released for DXP Platform."; VariantName = "[No Variations]"
Add component (AddParameter): Name = "Publisher"; Value = "Altium Limited"; VariantName = "[No Variations]"
Added Component: Designator=P46(My_1X03)
Add component (AddParameter): Name = "ASiD Part Number"; Value = "Header 3-AS"; VariantName = "[No Variations]"
Added Component: Designator=R1(MY_0201)
Add component (AddParameter): Name = "ASiD Part Number"; Value = "Res-AS"; VariantName = "[No Variations]"
Add component (AddParameter): Name = "Value"; Value = "475K"; VariantName = "[No Variations]"
Added Component: Designator=R2(MY_0201)
Add component (AddParameter): Name = "ASiD Part Number"; Value = "Res-AS"; VariantName = "[No Variations]"
Add component (AddParameter): Name = "Value"; Value = "475K"; VariantName = "[No Variations]"
Added Component: Designator=U1(MODULE_DEV-16771)
Add component (AddParameter): Name = "Availability"; Value = "In Stock"; VariantName = "[No Variations]"
Add component (AddParameter): Name = "Check_prices"; Value = "https://www.snapeda.com/parts/DEV-16771/SparkFun+Electronics/view-part/?ref=eda"; VariantName = "[No Variations]"
Add component (AddParameter): Name = "Component Type"; Value = "Standard"; VariantName = "[No Variations]"
Add component (AddParameter): Name = "Design Item ID"; Value = "DEV-16771"; VariantName = "[No Variations]"
Add component (AddParameter): Name = "MF"; Value = "SparkFun Electronics"; VariantName = "[No Variations]"
Add component (AddParameter): Name = "MP"; Value = "DEV-16771"; VariantName = "[No Variations]"
Add component (AddParameter): Name = "Package"; Value = "None"; VariantName = "[No Variations]"
Add component (AddParameter): Name = "Pin Count"; Value = "65"; VariantName = "[No Variations]"
Add component (AddParameter): Name = "Price"; Value = "None"; VariantName = "[No Variations]"
Add component (AddParameter): Name = "Purchase-URL"; Value = "https://pricing.snapeda.com/search/part/DEV-16771/?ref=eda"; VariantName = "[No Variations]"
Add component (AddParameter): Name = "SnapEDA_Link"; Value = "https://www.snapeda.com/parts/DEV-16771/SparkFun+Electronics/view-part/?ref=snap"; VariantName = "[No Variations]"
Add component (AddParameter): Name = "Source"; Value = "DEV-16771.SchLib"; VariantName = "[No Variations]"
Add component (AddParameter): Name = "Value"; Value = ""; VariantName = "[No Variations]"
Added Component: Designator=UART 1(HDR1X4)
Add component (AddParameter): Name = "LatestRevisionDate"; Value = "17-Jul-2002"; VariantName = "[No Variations]"
Add component (AddParameter): Name = "LatestRevisionNote"; Value = "Re-released for DXP Platform."; VariantName = "[No Variations]"
Add component (AddParameter): Name = "Publisher"; Value = "Altium Limited"; VariantName = "[No Variations]"
Added Component: Designator=UART 2(HDR1X4)
Add component (AddParameter): Name = "LatestRevisionDate"; Value = "17-Jul-2002"; VariantName = "[No Variations]"
Add component (AddParameter): Name = "LatestRevisionNote"; Value = "Re-released for DXP Platform."; VariantName = "[No Variations]"
Add component (AddParameter): Name = "Publisher"; Value = "Altium Limited"; VariantName = "[No Variations]"
Added Component: Designator=UART 3(HDR1X4)
Add component (AddParameter): Name = "LatestRevisionDate"; Value = "17-Jul-2002"; VariantName = "[No Variations]"
Add component (AddParameter): Name = "LatestRevisionNote"; Value = "Re-released for DXP Platform."; VariantName = "[No Variations]"
Add component (AddParameter): Name = "Publisher"; Value = "Altium Limited"; VariantName = "[No Variations]"
Added Pin To Net: NetName=24 SCL Pin=I2C-1
Added Pin To Net: NetName=25 SDA Pin=I2C-2
Added Pin To Net: NetName=+5 Pin=I2C-3
Added Pin To Net: NetName=GND Pin=I2C-4
Added Pin To Net: NetName=RX21 Pin=LC-MEGA-4
Added Pin To Net: NetName=TX20 Pin=LC-MEGA-5
Added Pin To Net: NetName=rx Pin=LC-MEGA-8
Added Pin To Net: NetName=tx Pin=LC-MEGA-9
Add Pin To Net: Unknown Pin: Pin MD1-1
Add Pin To Net: Unknown Pin: Pin MD1-2
Add Pin To Net: Unknown Pin: Pin MD1-3
Add Pin To Net: Unknown Pin: Pin MD1-4
Add Pin To Net: Unknown Pin: Pin MD1-5
Add Pin To Net: Unknown Pin: Pin MD1-6
Add Pin To Net: Unknown Pin: Pin MD1-7
Add Pin To Net: Unknown Pin: Pin MD1-8
Add Pin To Net: Unknown Pin: Pin MD1-9
Add Pin To Net: Unknown Pin: Pin MD1-10
Add Pin To Net: Unknown Pin: Pin MD1-11
Add Pin To Net: Unknown Pin: Pin MD1-12
Added Pin To Net: NetName=B27 Pin=P1-1
Added Pin To Net: NetName=+5 Pin=P1-2
Added Pin To Net: NetName=A9 Pin=P1-3
Added Pin To Net: NetName=GND Pin=P1-5
Added Pin To Net: NetName=B41 Pin=P2-1
Added Pin To Net: NetName=+5 Pin=P2-2
Added Pin To Net: NetName=A10 Pin=P2-3
Added Pin To Net: NetName=GND Pin=P2-5
Added Pin To Net: NetName=B38 Pin=P3-1
Added Pin To Net: NetName=+5 Pin=P3-2
Added Pin To Net: NetName=A39 Pin=P3-3
Added Pin To Net: NetName=GND Pin=P3-5
Added Pin To Net: NetName=3.3V Pin=P4-1
Added Pin To Net: NetName=SCL16 Pin=P4-2
Added Pin To Net: NetName=SDA17 Pin=P4-3
Added Pin To Net: NetName=GND Pin=P4-4
Added Pin To Net: NetName=SCL19 Pin=P5-1
Added Pin To Net: NetName=SDA18 Pin=P5-2
Added Pin To Net: NetName=+5 Pin=P5-3
Added Pin To Net: NetName=GND Pin=P5-4
Added Pin To Net: NetName=SCL24 Pin=P6-1
Added Pin To Net: NetName=SDA25 Pin=P6-2
Added Pin To Net: NetName=+5 Pin=P6-3
Added Pin To Net: NetName=GND Pin=P6-4
Added Pin To Net: NetName=5V Pin=P7-1
Added Pin To Net: NetName=SCL MEGA 20 Pin=P7-2
Added Pin To Net: NetName=SDA MEGA 21 Pin=P7-3
Added Pin To Net: NetName=GND Pin=P7-4
Added Pin To Net: NetName=GND Pin=P8-1
Added Pin To Net: NetName=+5 Pin=P8-2
Added Pin To Net: NetName=LS11 Pin=P8-3
Added Pin To Net: NetName=DIR6 Pin=P9-1
Added Pin To Net: NetName=PWM5 Pin=P9-2
Added Pin To Net: NetName=GND Pin=P9-3
Added Pin To Net: NetName=RX15 Pin=P10-1
Added Pin To Net: NetName=TX14 Pin=P10-2
Added Pin To Net: NetName=+5 Pin=P10-3
Added Pin To Net: NetName=GND Pin=P10-4
Added Pin To Net: NetName=+5 Pin=P11-1
Added Pin To Net: NetName=GND Pin=P11-2
Added Pin To Net: NetName=+5 Pin=P12-1
Added Pin To Net: NetName=GND Pin=P12-2
Added Pin To Net: NetName=RX7 Pin=P13-1
Added Pin To Net: NetName=TX8 Pin=P13-2
Added Pin To Net: NetName=+5 Pin=P13-3
Added Pin To Net: NetName=GND Pin=P13-4
Added Pin To Net: NetName=+12V Pin=P14-1
Added Pin To Net: NetName=A0 Pin=P14-2
Added Pin To Net: NetName=A1 Pin=P14-3
Added Pin To Net: NetName=A34 Pin=P14-4
Added Pin To Net: NetName=+12V Pin=P15-1
Added Pin To Net: NetName=A23 Pin=P15-2
Added Pin To Net: NetName=A22 Pin=P15-3
Added Pin To Net: NetName=A13 Pin=P15-4
Added Pin To Net: NetName=GND Pin=P16-1
Added Pin To Net: NetName=A40 Pin=P16-2
Added Pin To Net: NetName=GND Pin=P17-1
Added Pin To Net: NetName=A37 Pin=P17-2
Added Pin To Net: NetName=VDD Pin=P18-1
Added Pin To Net: NetName=GND Pin=P18-2
Added Pin To Net: NetName=SCL19 Pin=P18-3
Added Pin To Net: NetName=SDA18 Pin=P18-4
Added Pin To Net: NetName=ADDR Pin=P18-5
Added Pin To Net: NetName=ALRT Pin=P18-6
Added Pin To Net: NetName=A40 Pin=P18-7
Added Pin To Net: NetName=A37 Pin=P18-8
Added Pin To Net: NetName=A12 Pin=P18-9
Added Pin To Net: NetName=A26 Pin=P18-10
Added Pin To Net: NetName=GND Pin=P19-1
Added Pin To Net: NetName=A12 Pin=P19-2
Added Pin To Net: NetName=DIR3 Pin=P20-1
Added Pin To Net: NetName=PWM28 Pin=P20-2
Added Pin To Net: NetName=GND Pin=P20-3
Added Pin To Net: NetName=DIR4 Pin=P21-1
Added Pin To Net: NetName=PWM29 Pin=P21-2
Added Pin To Net: NetName=GND Pin=P21-3
Added Pin To Net: NetName=DIR2 Pin=P22-1
Added Pin To Net: NetName=PWM33 Pin=P22-2
Added Pin To Net: NetName=GND Pin=P22-3
Added Pin To Net: NetName=GND Pin=P23-1
Added Pin To Net: NetName=A26 Pin=P23-2
Added Pin To Net: NetName=5V Pin=P24-1
Added Pin To Net: NetName=RX MEGA 14 Pin=P24-2
Added Pin To Net: NetName=TX MEGA 15 Pin=P24-3
Added Pin To Net: NetName=GND Pin=P24-4
Added Pin To Net: NetName=5V Pin=P25-1
Added Pin To Net: NetName=RX20 Pin=P25-2
Added Pin To Net: NetName=TX21 Pin=P25-3
Added Pin To Net: NetName=GND Pin=P25-4
Added Pin To Net: NetName=+12V Pin=P45-1
Added Pin To Net: NetName=A31 Pin=P45-2
Added Pin To Net: NetName=A32 Pin=P45-3
Added Pin To Net: NetName=A30 Pin=P45-4
Added Pin To Net: NetName=GND Pin=P46-1
Added Pin To Net: NetName=+5 Pin=P46-2
Added Pin To Net: NetName=LS35 Pin=P46-3
Added Pin To Net: NetName=GND Pin=R1-1
Added Pin To Net: NetName=LS35 Pin=R1-2
Added Pin To Net: NetName=GND Pin=R2-1
Added Pin To Net: NetName=LS11 Pin=R2-2
Added Pin To Net: NetName=A0 Pin=U1-0
Added Pin To Net: NetName=A1 Pin=U1-1
Added Pin To Net: NetName=DIR2 Pin=U1-2
Added Pin To Net: NetName=3.3V Pin=U1-3.3V_1
Added Pin To Net: NetName=DIR3 Pin=U1-3
Added Pin To Net: NetName=DIR4 Pin=U1-4
Added Pin To Net: NetName=PWM5 Pin=U1-5
Added Pin To Net: NetName=DIR6 Pin=U1-6
Added Pin To Net: NetName=RX7 Pin=U1-7
Added Pin To Net: NetName=TX8 Pin=U1-8
Added Pin To Net: NetName=A9 Pin=U1-9
Added Pin To Net: NetName=A10 Pin=U1-10
Added Pin To Net: NetName=LS11 Pin=U1-11
Added Pin To Net: NetName=A12 Pin=U1-12
Added Pin To Net: NetName=A13 Pin=U1-13
Added Pin To Net: NetName=TX14 Pin=U1-14
Added Pin To Net: NetName=RX15 Pin=U1-15
Added Pin To Net: NetName=SCL16 Pin=U1-16
Added Pin To Net: NetName=SDA17 Pin=U1-17
Added Pin To Net: NetName=SDA18 Pin=U1-18
Added Pin To Net: NetName=SCL19 Pin=U1-19
Added Pin To Net: NetName=A22 Pin=U1-22
Added Pin To Net: NetName=A23 Pin=U1-23
Added Pin To Net: NetName=SCL24 Pin=U1-24
Added Pin To Net: NetName=SDA25 Pin=U1-25
Added Pin To Net: NetName=A26 Pin=U1-26
Added Pin To Net: NetName=B27 Pin=U1-27
Added Pin To Net: NetName=PWM28 Pin=U1-28
Added Pin To Net: NetName=PWM29 Pin=U1-29
Added Pin To Net: NetName=A30 Pin=U1-30
Added Pin To Net: NetName=A31 Pin=U1-31
Added Pin To Net: NetName=A32 Pin=U1-32
Added Pin To Net: NetName=PWM33 Pin=U1-33
Added Pin To Net: NetName=A34 Pin=U1-34
Added Pin To Net: NetName=LS35 Pin=U1-35
Added Pin To Net: NetName=A37 Pin=U1-37
Added Pin To Net: NetName=B38 Pin=U1-38
Added Pin To Net: NetName=A39 Pin=U1-39
Added Pin To Net: NetName=A40 Pin=U1-40
Added Pin To Net: NetName=B41 Pin=U1-41
Added Pin To Net: NetName=GND Pin=U1-GND1
Added Pin To Net: NetName=GND Pin=U1-GND2
Added Pin To Net: NetName=GND Pin=U1-GND3
Added Pin To Net: NetName=GND Pin=U1-GND4
Added Pin To Net: NetName=GND Pin=U1-GND5
Added Pin To Net: NetName=GND Pin=U1-USB_GND1
Added Pin To Net: NetName=GND Pin=U1-USB_GND2
Added Pin To Net: NetName=+5 Pin=U1-VIN
Added Pin To Net: NetName=RX34 Pin=UART 1-1
Added Pin To Net: NetName=TX35 Pin=UART 1-2
Added Pin To Net: NetName=+5 Pin=UART 1-3
Added Pin To Net: NetName=GND Pin=UART 1-4
Added Pin To Net: NetName=RX15 Pin=UART 2-1
Added Pin To Net: NetName=TX14 Pin=UART 2-2
Added Pin To Net: NetName=+5 Pin=UART 2-3
Added Pin To Net: NetName=GND Pin=UART 2-4
Added Pin To Net: NetName=RX28 Pin=UART 3-1
Added Pin To Net: NetName=TX29 Pin=UART 3-2
Added Pin To Net: NetName=+5 Pin=UART 3-3
Added Pin To Net: NetName=GND Pin=UART 3-4
Added Member To Class: ClassName=nav teensy Member=Component 5V Header 2H
Added Member To Class: ClassName=nav teensy Member=Component 5V Header 2H
Added Member To Class: ClassName=nav teensy Member=Component I2C Header 4
Added Member To Class: ClassName=nav teensy Member=Component I2C Header 4
Add Class Member: Failed to add class member : Component MD1 BOB-12009
Added Member To Class: ClassName=SHEET TEENSY Member=Component P1 Header 5
Added Member To Class: ClassName=SHEET TEENSY Member=Component P2 Header 5
Added Member To Class: ClassName=SHEET TEENSY Member=Component P3 Header 5
Added Member To Class: ClassName=SHEET TEENSY Member=Component P4 Header 4
Added Member To Class: ClassName=SHEET TEENSY Member=Component P5 Header 4
Added Member To Class: ClassName=SHEET TEENSY Member=Component P6 Header 4
Added Member To Class: ClassName=SHEET TEENSY Member=Component P7 Header 4
Added Member To Class: ClassName=SHEET TEENSY Member=Component P8 Header 3
Added Member To Class: ClassName=SHEET TEENSY Member=Component P9 Header 3
Added Member To Class: ClassName=SHEET TEENSY Member=Component P10 Header 4
Added Member To Class: ClassName=SHEET TEENSY Member=Component P11 Header 2
Added Member To Class: ClassName=SHEET TEENSY Member=Component P12 Header 2
Added Member To Class: ClassName=SHEET TEENSY Member=Component P13 Header 4
Added Member To Class: ClassName=SHEET TEENSY Member=Component P14 Header 4
Added Member To Class: ClassName=SHEET TEENSY Member=Component P15 Header 4
Added Member To Class: ClassName=SHEET TEENSY Member=Component P16 Header 2
Added Member To Class: ClassName=SHEET TEENSY Member=Component P17 Header 2
Added Member To Class: ClassName=SHEET TEENSY Member=Component P18 Header 10
Added Member To Class: ClassName=SHEET TEENSY Member=Component P19 Header 2
Added Member To Class: ClassName=SHEET TEENSY Member=Component P20 Header 3
Added Member To Class: ClassName=SHEET TEENSY Member=Component P21 Header 3
Added Member To Class: ClassName=SHEET TEENSY Member=Component P22 Header 3
Added Member To Class: ClassName=SHEET TEENSY Member=Component P23 Header 2
Added Member To Class: ClassName=SHEET TEENSY Member=Component P24 Header 4
Added Member To Class: ClassName=SHEET TEENSY Member=Component P25 Header 4
Added Member To Class: ClassName=SHEET TEENSY Member=Component P45 Header 4
Added Member To Class: ClassName=SHEET TEENSY Member=Component P46 Header 3
Added Member To Class: ClassName=SHEET TEENSY Member=Component R1 475K
Added Member To Class: ClassName=SHEET TEENSY Member=Component R2 475K
Added Member To Class: ClassName=SHEET TEENSY Member=Component U1 DEV-16771
Added Member To Class: ClassName=nav teensy Member=Component UART 1 Header 4
Added Member To Class: ClassName=nav teensy Member=Component UART 2 Header 4
Added Member To Class: ClassName=nav teensy Member=Component UART 3 Header 4
Added Room: Name=SHEET TEENSY
