Change Component Description : Designator=U1 Old Description=RT1062 Teensy 4.1 series ARM® Cortex®-M7 MPU Embedded Evaluation Board New Description=RT1062 Teensy 4.1 series ARMÂ® CortexÂ®-M7 MPU Embedded Evaluation Board
Added Component: Designator=5V(HDR1X2H)
Add component (AddParameter): Name = "LatestRevisionDate"; Value = "17-Jul-2002"; VariantName = "[No Variations]"
Add component (AddParameter): Name = "LatestRevisionNote"; Value = "Re-released for DXP Platform."; VariantName = "[No Variations]"
Add component (AddParameter): Name = "Publisher"; Value = "Altium Limited"; VariantName = "[No Variations]"
Added Component: Designator=5V(HDR1X2H)
Add component (AddParameter): Name = "LatestRevisionDate"; Value = "17-Jul-2002"; VariantName = "[No Variations]"
Add component (AddParameter): Name = "LatestRevisionNote"; Value = "Re-released for DXP Platform."; VariantName = "[No Variations]"
Add component (AddParameter): Name = "Publisher"; Value = "Altium Limited"; VariantName = "[No Variations]"
Added Component: Designator=5V(HDR1X2H)
Add component (AddParameter): Name = "LatestRevisionDate"; Value = "17-Jul-2002"; VariantName = "[No Variations]"
Add component (AddParameter): Name = "LatestRevisionNote"; Value = "Re-released for DXP Platform."; VariantName = "[No Variations]"
Add component (AddParameter): Name = "Publisher"; Value = "Altium Limited"; VariantName = "[No Variations]"
Added Component: Designator=ADC1(16 bit ADC)
Add component (AddParameter): Name = "Design Item ID"; Value = "16 bit ADC"; VariantName = "[No Variations]"
Add component (AddParameter): Name = "Source"; Value = "Team Automatons NEW.SCHLIB"; VariantName = "[No Variations]"
Added Component: Designator=BNO(HDR1X6)
Add component (AddParameter): Name = "Component Type"; Value = "Standard"; VariantName = "[No Variations]"
Add component (AddParameter): Name = "Design Item ID"; Value = "Header 6"; VariantName = "[No Variations]"
Add component (AddParameter): Name = "LatestRevisionDate"; Value = "17-Jul-2002"; VariantName = "[No Variations]"
Add component (AddParameter): Name = "LatestRevisionNote"; Value = "Re-released for DXP Platform."; VariantName = "[No Variations]"
Add component (AddParameter): Name = "Pin Count"; Value = "20"; VariantName = "[No Variations]"
Add component (AddParameter): Name = "Publisher"; Value = "Altium Limited"; VariantName = "[No Variations]"
Add component (AddParameter): Name = "Signal Integrity"; Value = "Connector"; VariantName = "[No Variations]"
Add component (AddParameter): Name = "Source"; Value = "Miscellaneous Connectors.SchLib"; VariantName = "[No Variations]"
Added Component: Designator=ENCODER1(HDR1X4)
Add component (AddParameter): Name = "LatestRevisionDate"; Value = "17-Jul-2002"; VariantName = "[No Variations]"
Add component (AddParameter): Name = "LatestRevisionNote"; Value = "Re-released for DXP Platform."; VariantName = "[No Variations]"
Add component (AddParameter): Name = "Publisher"; Value = "Altium Limited"; VariantName = "[No Variations]"
Added Component: Designator=ENCODER2(HDR1X4)
Add component (AddParameter): Name = "LatestRevisionDate"; Value = "17-Jul-2002"; VariantName = "[No Variations]"
Add component (AddParameter): Name = "LatestRevisionNote"; Value = "Re-released for DXP Platform."; VariantName = "[No Variations]"
Add component (AddParameter): Name = "Publisher"; Value = "Altium Limited"; VariantName = "[No Variations]"
Added Component: Designator=ENCODER3(HDR1X4)
Add component (AddParameter): Name = "LatestRevisionDate"; Value = "17-Jul-2002"; VariantName = "[No Variations]"
Add component (AddParameter): Name = "LatestRevisionNote"; Value = "Re-released for DXP Platform."; VariantName = "[No Variations]"
Add component (AddParameter): Name = "Publisher"; Value = "Altium Limited"; VariantName = "[No Variations]"
Added Component: Designator=I2C(HDR1X4)
Add component (AddParameter): Name = "LatestRevisionDate"; Value = "17-Jul-2002"; VariantName = "[No Variations]"
Add component (AddParameter): Name = "LatestRevisionNote"; Value = "Re-released for DXP Platform."; VariantName = "[No Variations]"
Add component (AddParameter): Name = "Publisher"; Value = "Altium Limited"; VariantName = "[No Variations]"
Added Component: Designator=I2C(HDR1X4)
Add component (AddParameter): Name = "LatestRevisionDate"; Value = "17-Jul-2002"; VariantName = "[No Variations]"
Add component (AddParameter): Name = "LatestRevisionNote"; Value = "Re-released for DXP Platform."; VariantName = "[No Variations]"
Add component (AddParameter): Name = "Publisher"; Value = "Altium Limited"; VariantName = "[No Variations]"
Added Component: Designator=LC-MEGA1(FP-BOB-12009-MFG)
Add component (AddParameter): Name = "Logic Function"; Value = "Translator"; VariantName = "[No Variations]"
Added Component: Designator=LC-MEGA(FP-BOB-12009-MFG)
Add component (AddParameter): Name = "Logic Function"; Value = "Translator"; VariantName = "[No Variations]"
Added Component: Designator=LS 1(HDR1X3)
Add component (AddParameter): Name = "DeviceName"; Value = ""; VariantName = "[No Variations]"
Add component (AddParameter): Name = "DeviceSetName"; Value = "3-PIN-CONNECTOR"; VariantName = "[No Variations]"
Add component (AddParameter): Name = "GateName_3"; Value = "-3"; VariantName = "[No Variations]"
Add component (AddParameter): Name = "LibraryName"; Value = "Team Automatons (1)"; VariantName = "[No Variations]"
Add component (AddParameter): Name = "MF"; Value = ""; VariantName = "[No Variations]"
Add component (AddParameter): Name = "MPN"; Value = ""; VariantName = "[No Variations]"
Add component (AddParameter): Name = "OC_FARNELL"; Value = "unknown"; VariantName = "[No Variations]"
Add component (AddParameter): Name = "OC_NEWARK"; Value = "unknown"; VariantName = "[No Variations]"
Add component (AddParameter): Name = "Package"; Value = "3-PIN-CONNECTOR"; VariantName = "[No Variations]"
Add component (AddParameter): Name = "SymbolName_3"; Value = "SKBV-1"; VariantName = "[No Variations]"
Added Component: Designator=LS 2(HDR1X3)
Add component (AddParameter): Name = "DeviceName"; Value = ""; VariantName = "[No Variations]"
Add component (AddParameter): Name = "DeviceSetName"; Value = "3-PIN-CONNECTOR"; VariantName = "[No Variations]"
Add component (AddParameter): Name = "GateName_3"; Value = "-3"; VariantName = "[No Variations]"
Add component (AddParameter): Name = "LibraryName"; Value = "Team Automatons (1)"; VariantName = "[No Variations]"
Add component (AddParameter): Name = "MF"; Value = ""; VariantName = "[No Variations]"
Add component (AddParameter): Name = "MPN"; Value = ""; VariantName = "[No Variations]"
Add component (AddParameter): Name = "OC_FARNELL"; Value = "unknown"; VariantName = "[No Variations]"
Add component (AddParameter): Name = "OC_NEWARK"; Value = "unknown"; VariantName = "[No Variations]"
Add component (AddParameter): Name = "Package"; Value = "3-PIN-CONNECTOR"; VariantName = "[No Variations]"
Add component (AddParameter): Name = "SymbolName_3"; Value = "SKBV-1"; VariantName = "[No Variations]"
Added Component: Designator=LS 3(HDR1X3)
Add component (AddParameter): Name = "DeviceName"; Value = ""; VariantName = "[No Variations]"
Add component (AddParameter): Name = "DeviceSetName"; Value = "3-PIN-CONNECTOR"; VariantName = "[No Variations]"
Add component (AddParameter): Name = "GateName_3"; Value = "-3"; VariantName = "[No Variations]"
Add component (AddParameter): Name = "LibraryName"; Value = "Team Automatons (1)"; VariantName = "[No Variations]"
Add component (AddParameter): Name = "MF"; Value = ""; VariantName = "[No Variations]"
Add component (AddParameter): Name = "MPN"; Value = ""; VariantName = "[No Variations]"
Add component (AddParameter): Name = "OC_FARNELL"; Value = "unknown"; VariantName = "[No Variations]"
Add component (AddParameter): Name = "OC_NEWARK"; Value = "unknown"; VariantName = "[No Variations]"
Add component (AddParameter): Name = "Package"; Value = "3-PIN-CONNECTOR"; VariantName = "[No Variations]"
Add component (AddParameter): Name = "SymbolName_3"; Value = "SKBV-1"; VariantName = "[No Variations]"
Added Component: Designator=LS 4(HDR1X3)
Add component (AddParameter): Name = "DeviceName"; Value = ""; VariantName = "[No Variations]"
Add component (AddParameter): Name = "DeviceSetName"; Value = "3-PIN-CONNECTOR"; VariantName = "[No Variations]"
Add component (AddParameter): Name = "GateName_3"; Value = "-3"; VariantName = "[No Variations]"
Add component (AddParameter): Name = "LibraryName"; Value = "Team Automatons (1)"; VariantName = "[No Variations]"
Add component (AddParameter): Name = "MF"; Value = ""; VariantName = "[No Variations]"
Add component (AddParameter): Name = "MPN"; Value = ""; VariantName = "[No Variations]"
Add component (AddParameter): Name = "OC_FARNELL"; Value = "unknown"; VariantName = "[No Variations]"
Add component (AddParameter): Name = "OC_NEWARK"; Value = "unknown"; VariantName = "[No Variations]"
Add component (AddParameter): Name = "Package"; Value = "3-PIN-CONNECTOR"; VariantName = "[No Variations]"
Add component (AddParameter): Name = "SymbolName_3"; Value = "SKBV-1"; VariantName = "[No Variations]"
Added Component: Designator=MEGA1(HDR1X4)
Add component (AddParameter): Name = "LatestRevisionDate"; Value = "17-Jul-2002"; VariantName = "[No Variations]"
Add component (AddParameter): Name = "LatestRevisionNote"; Value = "Re-released for DXP Platform."; VariantName = "[No Variations]"
Add component (AddParameter): Name = "Publisher"; Value = "Altium Limited"; VariantName = "[No Variations]"
Added Component: Designator=MEGA2(HDR1X4)
Add component (AddParameter): Name = "LatestRevisionDate"; Value = "17-Jul-2002"; VariantName = "[No Variations]"
Add component (AddParameter): Name = "LatestRevisionNote"; Value = "Re-released for DXP Platform."; VariantName = "[No Variations]"
Add component (AddParameter): Name = "Publisher"; Value = "Altium Limited"; VariantName = "[No Variations]"
Added Component: Designator=R3(MY_(1w)_0613V)
Add component (AddParameter): Name = "ASiD Part Number"; Value = "Res-AS"; VariantName = "[No Variations]"
Add component (AddParameter): Name = "Value"; Value = "1K"; VariantName = "[No Variations]"
Added Component: Designator=R4(MY_(1w)_0613V)
Add component (AddParameter): Name = "ASiD Part Number"; Value = "Res-AS"; VariantName = "[No Variations]"
Add component (AddParameter): Name = "Value"; Value = "1K"; VariantName = "[No Variations]"
Added Component: Designator=R5(MY_(1w)_0613V)
Add component (AddParameter): Name = "ASiD Part Number"; Value = "Res-AS"; VariantName = "[No Variations]"
Add component (AddParameter): Name = "Value"; Value = "1K"; VariantName = "[No Variations]"
Added Component: Designator=R6(MY_(1w)_0613V)
Add component (AddParameter): Name = "ASiD Part Number"; Value = "Res-AS"; VariantName = "[No Variations]"
Add component (AddParameter): Name = "Value"; Value = "1K"; VariantName = "[No Variations]"
Added Component: Designator=SE1(HDR1X3)
Add component (AddParameter): Name = "DeviceName"; Value = ""; VariantName = "[No Variations]"
Add component (AddParameter): Name = "DeviceSetName"; Value = "3-PIN-CONNECTOR"; VariantName = "[No Variations]"
Add component (AddParameter): Name = "GateName_3"; Value = "-3"; VariantName = "[No Variations]"
Add component (AddParameter): Name = "LibraryName"; Value = "Team Automatons (1)"; VariantName = "[No Variations]"
Add component (AddParameter): Name = "MF"; Value = ""; VariantName = "[No Variations]"
Add component (AddParameter): Name = "MPN"; Value = ""; VariantName = "[No Variations]"
Add component (AddParameter): Name = "OC_FARNELL"; Value = "unknown"; VariantName = "[No Variations]"
Add component (AddParameter): Name = "OC_NEWARK"; Value = "unknown"; VariantName = "[No Variations]"
Add component (AddParameter): Name = "Package"; Value = "3-PIN-CONNECTOR"; VariantName = "[No Variations]"
Add component (AddParameter): Name = "SymbolName_3"; Value = "SKBV-1"; VariantName = "[No Variations]"
Added Component: Designator=SE2(HDR1X3)
Add component (AddParameter): Name = "DeviceName"; Value = ""; VariantName = "[No Variations]"
Add component (AddParameter): Name = "DeviceSetName"; Value = "3-PIN-CONNECTOR"; VariantName = "[No Variations]"
Add component (AddParameter): Name = "GateName_3"; Value = "-3"; VariantName = "[No Variations]"
Add component (AddParameter): Name = "LibraryName"; Value = "Team Automatons (1)"; VariantName = "[No Variations]"
Add component (AddParameter): Name = "MF"; Value = ""; VariantName = "[No Variations]"
Add component (AddParameter): Name = "MPN"; Value = ""; VariantName = "[No Variations]"
Add component (AddParameter): Name = "OC_FARNELL"; Value = "unknown"; VariantName = "[No Variations]"
Add component (AddParameter): Name = "OC_NEWARK"; Value = "unknown"; VariantName = "[No Variations]"
Add component (AddParameter): Name = "Package"; Value = "3-PIN-CONNECTOR"; VariantName = "[No Variations]"
Add component (AddParameter): Name = "SymbolName_3"; Value = "SKBV-1"; VariantName = "[No Variations]"
Added Component: Designator=SE3(HDR1X3)
Add component (AddParameter): Name = "DeviceName"; Value = ""; VariantName = "[No Variations]"
Add component (AddParameter): Name = "DeviceSetName"; Value = "3-PIN-CONNECTOR"; VariantName = "[No Variations]"
Add component (AddParameter): Name = "GateName_3"; Value = "-3"; VariantName = "[No Variations]"
Add component (AddParameter): Name = "LibraryName"; Value = "Team Automatons (1)"; VariantName = "[No Variations]"
Add component (AddParameter): Name = "MF"; Value = ""; VariantName = "[No Variations]"
Add component (AddParameter): Name = "MPN"; Value = ""; VariantName = "[No Variations]"
Add component (AddParameter): Name = "OC_FARNELL"; Value = "unknown"; VariantName = "[No Variations]"
Add component (AddParameter): Name = "OC_NEWARK"; Value = "unknown"; VariantName = "[No Variations]"
Add component (AddParameter): Name = "Package"; Value = "3-PIN-CONNECTOR"; VariantName = "[No Variations]"
Add component (AddParameter): Name = "SymbolName_3"; Value = "SKBV-1"; VariantName = "[No Variations]"
Added Component: Designator=SE4(HDR1X3)
Add component (AddParameter): Name = "DeviceName"; Value = ""; VariantName = "[No Variations]"
Add component (AddParameter): Name = "DeviceSetName"; Value = "3-PIN-CONNECTOR"; VariantName = "[No Variations]"
Add component (AddParameter): Name = "GateName_3"; Value = "-3"; VariantName = "[No Variations]"
Add component (AddParameter): Name = "LibraryName"; Value = "Team Automatons (1)"; VariantName = "[No Variations]"
Add component (AddParameter): Name = "MF"; Value = ""; VariantName = "[No Variations]"
Add component (AddParameter): Name = "MPN"; Value = ""; VariantName = "[No Variations]"
Add component (AddParameter): Name = "OC_FARNELL"; Value = "unknown"; VariantName = "[No Variations]"
Add component (AddParameter): Name = "OC_NEWARK"; Value = "unknown"; VariantName = "[No Variations]"
Add component (AddParameter): Name = "Package"; Value = "3-PIN-CONNECTOR"; VariantName = "[No Variations]"
Add component (AddParameter): Name = "SymbolName_3"; Value = "SKBV-1"; VariantName = "[No Variations]"
Added Component: Designator=SICK 1(HDR1X2)
Added Component: Designator=SICK 2(HDR1X2)
Added Component: Designator=SICK 3(HDR1X2)
Added Component: Designator=SICK 4(HDR1X2)
Added Component: Designator=TEENSY1(MODULE_DEV-16771)
Add component (AddParameter): Name = "Availability"; Value = "In Stock"; VariantName = "[No Variations]"
Add component (AddParameter): Name = "Check_prices"; Value = "https://www.snapeda.com/parts/DEV-16771/SparkFun+Electronics/view-part/?ref=eda"; VariantName = "[No Variations]"
Add component (AddParameter): Name = "Component Type"; Value = "Standard"; VariantName = "[No Variations]"
Add component (AddParameter): Name = "Design Item ID"; Value = "DEV-16771"; VariantName = "[No Variations]"
Add component (AddParameter): Name = "MF"; Value = "SparkFun Electronics"; VariantName = "[No Variations]"
Add component (AddParameter): Name = "MP"; Value = "DEV-16771"; VariantName = "[No Variations]"
Add component (AddParameter): Name = "Package"; Value = "None"; VariantName = "[No Variations]"
Add component (AddParameter): Name = "Pin Count"; Value = "65"; VariantName = "[No Variations]"
Add component (AddParameter): Name = "Price"; Value = "None"; VariantName = "[No Variations]"
Add component (AddParameter): Name = "Purchase-URL"; Value = "https://pricing.snapeda.com/search/part/DEV-16771/?ref=eda"; VariantName = "[No Variations]"
Add component (AddParameter): Name = "SnapEDA_Link"; Value = "https://www.snapeda.com/parts/DEV-16771/SparkFun+Electronics/view-part/?ref=snap"; VariantName = "[No Variations]"
Add component (AddParameter): Name = "Source"; Value = "DEV-16771.SchLib"; VariantName = "[No Variations]"
Add component (AddParameter): Name = "Value"; Value = ""; VariantName = "[No Variations]"
Added Component: Designator=UART 1(HDR1X4)
Add component (AddParameter): Name = "LatestRevisionDate"; Value = "17-Jul-2002"; VariantName = "[No Variations]"
Add component (AddParameter): Name = "LatestRevisionNote"; Value = "Re-released for DXP Platform."; VariantName = "[No Variations]"
Add component (AddParameter): Name = "Publisher"; Value = "Altium Limited"; VariantName = "[No Variations]"
Added Component: Designator=UART 2(HDR1X4)
Add component (AddParameter): Name = "LatestRevisionDate"; Value = "17-Jul-2002"; VariantName = "[No Variations]"
Add component (AddParameter): Name = "LatestRevisionNote"; Value = "Re-released for DXP Platform."; VariantName = "[No Variations]"
Add component (AddParameter): Name = "Publisher"; Value = "Altium Limited"; VariantName = "[No Variations]"
Added Component: Designator=UART 3(HDR1X4)
Add component (AddParameter): Name = "LatestRevisionDate"; Value = "17-Jul-2002"; VariantName = "[No Variations]"
Add component (AddParameter): Name = "LatestRevisionNote"; Value = "Re-released for DXP Platform."; VariantName = "[No Variations]"
Add component (AddParameter): Name = "Publisher"; Value = "Altium Limited"; VariantName = "[No Variations]"
Added Component: Designator=UART 4(HDR1X4)
Add component (AddParameter): Name = "LatestRevisionDate"; Value = "17-Jul-2002"; VariantName = "[No Variations]"
Add component (AddParameter): Name = "LatestRevisionNote"; Value = "Re-released for DXP Platform."; VariantName = "[No Variations]"
Add component (AddParameter): Name = "Publisher"; Value = "Altium Limited"; VariantName = "[No Variations]"
Added Pin To Net: NetName=GND Pin=5V-1
Added Pin To Net: NetName=GND Pin=5V-1
Added Pin To Net: NetName=GND Pin=5V-1
Added Pin To Net: NetName=+5 Pin=5V-2
Added Pin To Net: NetName=+5 Pin=5V-2
Added Pin To Net: NetName=+5 Pin=5V-2
Added Pin To Net: NetName=A0 Pin=ADC1-A0
Added Pin To Net: NetName=A1 Pin=ADC1-A1
Added Pin To Net: NetName=GND Pin=ADC1-GND
Added Pin To Net: NetName=+5 Pin=ADC1-VDD
Added Pin To Net: NetName=3.3V Pin=BNO-1
Added Pin To Net: NetName=GND Pin=BNO-3
Added Pin To Net: NetName=+5 Pin=ENCODER1-3
Added Pin To Net: NetName=GND Pin=ENCODER1-4
Added Pin To Net: NetName=+5 Pin=ENCODER2-3
Added Pin To Net: NetName=GND Pin=ENCODER2-4
Added Pin To Net: NetName=+5 Pin=ENCODER3-3
Added Pin To Net: NetName=GND Pin=ENCODER3-4
Added Pin To Net: NetName=+5 Pin=I2C-3
Added Pin To Net: NetName=+5 Pin=I2C-3
Added Pin To Net: NetName=GND Pin=I2C-4
Added Pin To Net: NetName=GND Pin=I2C-4
Added Pin To Net: NetName=3.3V Pin=LC-MEGA1-1
Added Pin To Net: NetName=GND Pin=LC-MEGA1-6
Added Pin To Net: NetName=GND Pin=LC-MEGA1-7
Added Pin To Net: NetName=3.3V Pin=LC-MEGA-1
Added Pin To Net: NetName=GND Pin=LC-MEGA-6
Added Pin To Net: NetName=GND Pin=LC-MEGA-7
Added Pin To Net: NetName=+5 Pin=LS 1-2
Added Pin To Net: NetName=GND Pin=LS 1-3
Added Pin To Net: NetName=+5 Pin=LS 2-2
Added Pin To Net: NetName=GND Pin=LS 2-3
Added Pin To Net: NetName=+5 Pin=LS 3-2
Added Pin To Net: NetName=GND Pin=LS 3-3
Added Pin To Net: NetName=+5 Pin=LS 4-2
Added Pin To Net: NetName=GND Pin=LS 4-3
Added Pin To Net: NetName=GND Pin=MEGA1-4
Added Pin To Net: NetName=GND Pin=MEGA2-4
Added Pin To Net: NetName=GND Pin=R3-1
Added Pin To Net: NetName=GND Pin=R4-1
Added Pin To Net: NetName=GND Pin=R5-1
Added Pin To Net: NetName=GND Pin=R6-1
Added Pin To Net: NetName=GND Pin=SE1-3
Added Pin To Net: NetName=GND Pin=SE2-3
Added Pin To Net: NetName=GND Pin=SE3-3
Added Pin To Net: NetName=GND Pin=SE4-3
Added Pin To Net: NetName=A0 Pin=SICK 1-1
Added Pin To Net: NetName=GND Pin=SICK 1-2
Added Pin To Net: NetName=GND Pin=SICK 2-2
Added Pin To Net: NetName=A1 Pin=SICK 3-1
Added Pin To Net: NetName=GND Pin=SICK 3-2
Added Pin To Net: NetName=GND Pin=SICK 4-2
Added Pin To Net: NetName=3.3V Pin=TEENSY1-3.3V_2
Added Pin To Net: NetName=TX14 Pin=TEENSY1-14
Added Pin To Net: NetName=RX15 Pin=TEENSY1-15
Added Pin To Net: NetName=GND Pin=TEENSY1-GND1
Added Pin To Net: NetName=GND Pin=TEENSY1-GND2
Added Pin To Net: NetName=GND Pin=TEENSY1-GND4
Added Pin To Net: NetName=+5 Pin=TEENSY1-VIN
Added Pin To Net: NetName=+5 Pin=UART 1-3
Added Pin To Net: NetName=GND Pin=UART 1-4
Added Pin To Net: NetName=RX15 Pin=UART 2-1
Added Pin To Net: NetName=TX14 Pin=UART 2-2
Added Pin To Net: NetName=+5 Pin=UART 2-3
Added Pin To Net: NetName=GND Pin=UART 2-4
Added Pin To Net: NetName=+5 Pin=UART 3-3
Added Pin To Net: NetName=GND Pin=UART 3-4
Added Pin To Net: NetName=+5 Pin=UART 4-3
Added Pin To Net: NetName=GND Pin=UART 4-4
Added Pin To Net: NetName=2 Pin=SE1-2
Added Pin To Net: NetName=2 Pin=TEENSY1-2
Added Net: Name=2
Added Pin To Net: NetName=3 Pin=SE1-1
Added Pin To Net: NetName=3 Pin=TEENSY1-3
Added Net: Name=3
Added Pin To Net: NetName=4 Pin=SE2-2
Added Pin To Net: NetName=4 Pin=TEENSY1-4
Added Net: Name=4
Added Pin To Net: NetName=5 Pin=SE2-1
Added Pin To Net: NetName=5 Pin=TEENSY1-5
Added Net: Name=5
Added Pin To Net: NetName=5V_MEGA Pin=LC-MEGA-12
Added Pin To Net: NetName=5V_MEGA Pin=LC-MEGA1-12
Added Pin To Net: NetName=5V_MEGA Pin=MEGA1-3
Added Pin To Net: NetName=5V_MEGA Pin=MEGA2-3
Added Net: Name=5V_MEGA
Added Pin To Net: NetName=6 Pin=SE3-2
Added Pin To Net: NetName=6 Pin=TEENSY1-6
Added Net: Name=6
Added Pin To Net: NetName=7 Pin=SE3-1
Added Pin To Net: NetName=7 Pin=TEENSY1-7
Added Net: Name=7
Added Pin To Net: NetName=8 Pin=SE4-2
Added Pin To Net: NetName=8 Pin=TEENSY1-8
Added Net: Name=8
Added Pin To Net: NetName=9 Pin=SE4-1
Added Pin To Net: NetName=9 Pin=TEENSY1-9
Added Net: Name=9
Added Pin To Net: NetName=10 Pin=ENCODER1-1
Added Pin To Net: NetName=10 Pin=TEENSY1-10
Added Net: Name=10
Added Pin To Net: NetName=11 Pin=ENCODER1-2
Added Pin To Net: NetName=11 Pin=TEENSY1-11
Added Net: Name=11
Added Pin To Net: NetName=12 Pin=LS 1-1
Added Pin To Net: NetName=12 Pin=R3-2
Added Pin To Net: NetName=12 Pin=TEENSY1-12
Added Net: Name=12
Added Pin To Net: NetName=13 Pin=LS 2-1
Added Pin To Net: NetName=13 Pin=R4-2
Added Pin To Net: NetName=13 Pin=TEENSY1-13
Added Net: Name=13
Added Pin To Net: NetName=24 SCL Pin=I2C-1
Added Pin To Net: NetName=24 SCL Pin=TEENSY1-24
Added Net: Name=24 SCL
Added Pin To Net: NetName=25 SDA Pin=I2C-2
Added Pin To Net: NetName=25 SDA Pin=TEENSY1-25
Added Net: Name=25 SDA
Added Pin To Net: NetName=30 Pin=ENCODER2-1
Added Pin To Net: NetName=30 Pin=TEENSY1-30
Added Net: Name=30
Added Pin To Net: NetName=31 Pin=ENCODER2-2
Added Pin To Net: NetName=31 Pin=TEENSY1-31
Added Net: Name=31
Added Pin To Net: NetName=32 Pin=LS 4-1
Added Pin To Net: NetName=32 Pin=R6-2
Added Pin To Net: NetName=32 Pin=TEENSY1-32
Added Net: Name=32
Added Pin To Net: NetName=33 Pin=LS 3-1
Added Pin To Net: NetName=33 Pin=R5-2
Added Pin To Net: NetName=33 Pin=TEENSY1-33
Added Net: Name=33
Added Pin To Net: NetName=36 Pin=ENCODER3-1
Added Pin To Net: NetName=36 Pin=TEENSY1-36
Added Net: Name=36
Added Pin To Net: NetName=37 Pin=ENCODER3-2
Added Pin To Net: NetName=37 Pin=TEENSY1-37
Added Net: Name=37
Added Pin To Net: NetName=A2 Pin=ADC1-A2
Added Pin To Net: NetName=A2 Pin=SICK 2-1
Added Net: Name=A2
Added Pin To Net: NetName=A3 Pin=ADC1-A3
Added Pin To Net: NetName=A3 Pin=SICK 4-1
Added Net: Name=A3
Added Pin To Net: NetName=RX21 Pin=LC-MEGA1-3
Added Pin To Net: NetName=RX21 Pin=TEENSY1-21
Added Pin To Net: NetName=RX21 Pin=UART 4-1
Added Net: Name=RX21
Added Pin To Net: NetName=RX28 Pin=TEENSY1-28
Added Pin To Net: NetName=RX28 Pin=UART 3-1
Added Net: Name=RX28
Added Pin To Net: NetName=RX34 Pin=TEENSY1-34
Added Pin To Net: NetName=RX34 Pin=UART 1-1
Added Net: Name=RX34
Added Pin To Net: NetName=rx Pin=LC-MEGA1-11
Added Pin To Net: NetName=rx Pin=MEGA1-1
Added Net: Name=rx
Added Pin To Net: NetName=SCL 16 Pin=I2C-1
Added Pin To Net: NetName=SCL 16 Pin=LC-MEGA-3
Added Pin To Net: NetName=SCL 16 Pin=TEENSY1-16
Added Net: Name=SCL 16
Added Pin To Net: NetName=SCL 19 Pin=ADC1-SCL
Added Pin To Net: NetName=SCL 19 Pin=BNO-4
Added Pin To Net: NetName=SCL 19 Pin=TEENSY1-19
Added Net: Name=SCL 19
Added Pin To Net: NetName=SCL Pin=LC-MEGA-11
Added Pin To Net: NetName=SCL Pin=MEGA2-1
Added Net: Name=SCL
Added Pin To Net: NetName=SDA 17 Pin=I2C-2
Added Pin To Net: NetName=SDA 17 Pin=LC-MEGA-2
Added Pin To Net: NetName=SDA 17 Pin=TEENSY1-17
Added Net: Name=SDA 17
Added Pin To Net: NetName=SDA 18 Pin=ADC1-SDA
Added Pin To Net: NetName=SDA 18 Pin=BNO-5
Added Pin To Net: NetName=SDA 18 Pin=TEENSY1-18
Added Net: Name=SDA 18
Added Pin To Net: NetName=SDA Pin=LC-MEGA-10
Added Pin To Net: NetName=SDA Pin=MEGA2-2
Added Net: Name=SDA
Added Pin To Net: NetName=TX20 Pin=LC-MEGA1-2
Added Pin To Net: NetName=TX20 Pin=TEENSY1-20
Added Pin To Net: NetName=TX20 Pin=UART 4-2
Added Net: Name=TX20
Added Pin To Net: NetName=TX29 Pin=TEENSY1-29
Added Pin To Net: NetName=TX29 Pin=UART 3-2
Added Net: Name=TX29
Added Pin To Net: NetName=TX35 Pin=TEENSY1-35
Added Pin To Net: NetName=TX35 Pin=UART 1-2
Added Net: Name=TX35
Added Pin To Net: NetName=tx Pin=LC-MEGA1-10
Added Pin To Net: NetName=tx Pin=MEGA1-2
Added Net: Name=tx
Added Class: Name=nav teensy
